<?xml version="1.0" encoding="UTF-8"?>
<!-- Generated by org.testng.reporters.JUnitReportReporter -->
<testsuite hostname="ojas-dd406" failures="0" tests="1" name="helperspackage.BasePage" time="4.325" errors="0" timestamp="12 Mar 2021 04:01:45 GMT">
  <testcase classname="helperspackage.BasePage" name="launchapp" time="4.325"/>
</testsuite>
