<?xml version="1.0" encoding="UTF-8"?>
<!-- Generated by org.testng.reporters.JUnitReportReporter -->
<testsuite hostname="ojas-dd406" failures="0" tests="4" name="testScripts.SearchHotel" time="15.485" errors="0" timestamp="2021-03-19T22:07:36 PDT" skipped="0">
  <testcase classname="testScripts.SearchHotel" name="close" time="0.008"/>
  <system-out>
close application  </system-out>
  <testcase classname="testScripts.SearchHotel" name="loginFunctionality" time="3.481"/>
  <system-out/>
  <testcase classname="testScripts.SearchHotel" name="launchapp" time="7.445"/>
  <system-out>
open application  </system-out>
  <testcase classname="testScripts.SearchHotel" name="sum" time="4.551"/>
  <system-out>
open application  </system-out>
</testsuite> <!-- testScripts.SearchHotel -->
